<?xml version="1.0" encoding="UTF-8"?>
<!-- Generated by org.testng.reporters.JUnitReportReporter -->
<testsuite hostname="LAPTOP-Q2QMO8L8" failures="0" tests="1" name="com.crm.gleantapauto.Sales.AddappointmentTest" time="37.111" errors="0" timestamp="2025-02-05T12:29:39 IST" skipped="0">
  <testcase classname="com.crm.gleantapauto.Sales.AddappointmentTest" name="addappointment" time="37.111"/>
  <system-out/>
</testsuite> <!-- com.crm.gleantapauto.Sales.AddappointmentTest -->
