<?xml version="1.0" encoding="UTF-8"?>
<!-- Generated by org.testng.reporters.JUnitReportReporter -->
<testsuite hostname="LAPTOP-Q2QMO8L8" failures="0" tests="1" name="com.crm.gleantapauto.tests.login" time="21.619" errors="0" timestamp="2024-08-06T22:19:51 IST" skipped="0">
  <testcase classname="com.crm.gleantapauto.tests.login" name="Verifylogin" time="21.619"/>
  <system-out/>
</testsuite> <!-- com.crm.gleantapauto.tests.login -->
