<?xml version="1.0" encoding="UTF-8"?>
<!-- Generated by org.testng.reporters.JUnitReportReporter -->
<testsuite hostname="LAPTOP-Q2QMO8L8" failures="0" tests="1" name="com.crm.gleantapauto.tests.EmailCampaignsAsap" time="105.031" errors="0" timestamp="2024-08-02T20:01:00 IST" skipped="0">
  <testcase classname="com.crm.gleantapauto.tests.EmailCampaignsAsap" name="NavigateToEMailCampaigns" time="105.031"/>
  <system-out/>
</testsuite> <!-- com.crm.gleantapauto.tests.EmailCampaignsAsap -->
