<?xml version="1.0" encoding="UTF-8"?>
<!-- Generated by org.testng.reporters.JUnitReportReporter -->
<testsuite hostname="LAPTOP-Q2QMO8L8" failures="0" tests="1" name="com.crm.gleantapauto.login" time="31.730" errors="0" timestamp="2023-12-18T04:07:55 GMT-05:00" skipped="0">
  <testcase classname="com.crm.gleantapauto.login" name="Verifylogin" time="31.730"/>
  <system-out/>
</testsuite> <!-- com.crm.gleantapauto.login -->
