<?xml version="1.0" encoding="UTF-8"?>
<!-- Generated by org.testng.reporters.JUnitReportReporter -->
<testsuite hostname="LAPTOP-Q2QMO8L8" failures="0" tests="1" name="com.crm.gleantapauto.tests.Appointments" time="37.837" errors="0" timestamp="2023-12-20T10:46:03 GMT-05:00" skipped="0">
  <testcase classname="com.crm.gleantapauto.tests.Appointments" name="addappointment" time="37.837"/>
  <system-out/>
</testsuite> <!-- com.crm.gleantapauto.tests.Appointments -->
