<?xml version="1.0" encoding="UTF-8"?>
<!-- Generated by org.testng.reporters.JUnitReportReporter -->
<testsuite hostname="LAPTOP-Q2QMO8L8" failures="0" tests="1" name="com.crm.gleantapauto.tests.Pages" time="97.270" errors="0" timestamp="2024-08-02T20:13:32 IST" skipped="0">
  <testcase classname="com.crm.gleantapauto.tests.Pages" name="createPage" time="97.270"/>
  <system-out/>
</testsuite> <!-- com.crm.gleantapauto.tests.Pages -->
