<?xml version="1.0" encoding="UTF-8"?>
<!-- Generated by org.testng.reporters.JUnitReportReporter -->
<testsuite hostname="LAPTOP-Q2QMO8L8" failures="0" tests="1" name="com.crm.gleantapauto.Campaigns.TemplateAddTest" time="45.251" errors="0" timestamp="2025-02-05T16:39:14 IST" skipped="0">
  <testcase classname="com.crm.gleantapauto.Campaigns.TemplateAddTest" name="addTemplate" time="45.251"/>
  <system-out/>
</testsuite> <!-- com.crm.gleantapauto.Campaigns.TemplateAddTest -->
