<?xml version="1.0" encoding="UTF-8"?>
<!-- Generated by org.testng.reporters.JUnitReportReporter -->
<testsuite hostname="LAPTOP-Q2QMO8L8" failures="0" tests="3" name="com.crm.gleantapauto.FormsPages.FormsTest" time="117.295" errors="0" timestamp="2025-02-05T14:10:30 IST" skipped="0">
  <testcase classname="com.crm.gleantapauto.FormsPages.FormsTest" name="CreateFromStrach" time="43.500"/>
  <system-out/>
  <testcase classname="com.crm.gleantapauto.FormsPages.FormsTest" name="FeedbackSurveyForm" time="35.374"/>
  <system-out/>
  <testcase classname="com.crm.gleantapauto.FormsPages.FormsTest" name="leadCaptureForm" time="38.421"/>
  <system-out/>
</testsuite> <!-- com.crm.gleantapauto.FormsPages.FormsTest -->
