<?xml version="1.0" encoding="UTF-8"?>
<!-- Generated by org.testng.reporters.JUnitReportReporter -->
<testsuite hostname="LAPTOP-Q2QMO8L8" failures="0" tests="1" name="com.crm.gleantapauto.Tasks.AddTaskTest" time="38.984" errors="0" timestamp="2025-02-04T13:09:36 IST" skipped="0">
  <testcase classname="com.crm.gleantapauto.Tasks.AddTaskTest" name="addTask" time="38.984"/>
  <system-out/>
</testsuite> <!-- com.crm.gleantapauto.Tasks.AddTaskTest -->
