<?xml version="1.0" encoding="UTF-8"?>
<!-- Generated by org.testng.reporters.JUnitReportReporter -->
<testsuite hostname="LAPTOP-Q2QMO8L8" failures="0" tests="1" name="com.crm.gleantapauto.Campaigns.SMSCampaignsAsapTest" time="40.503" errors="0" timestamp="2025-02-05T15:25:18 IST" skipped="0">
  <testcase classname="com.crm.gleantapauto.Campaigns.SMSCampaignsAsapTest" name="SMSCampaignAsap" time="40.503"/>
  <system-out/>
</testsuite> <!-- com.crm.gleantapauto.Campaigns.SMSCampaignsAsapTest -->
