<?xml version="1.0" encoding="UTF-8"?>
<!-- Generated by org.testng.reporters.JUnitReportReporter -->
<testsuite hostname="LAPTOP-Q2QMO8L8" failures="0" tests="1" name="com.crm.gleantapauto.Campaigns.TemplateTest" time="33.405" errors="0" timestamp="2025-01-07T19:02:35 IST" skipped="0">
  <testcase classname="com.crm.gleantapauto.Campaigns.TemplateTest" name="addTemplate" time="33.405"/>
  <system-out/>
</testsuite> <!-- com.crm.gleantapauto.Campaigns.TemplateTest -->
