<?xml version="1.0" encoding="UTF-8"?>
<!-- Generated by org.testng.reporters.JUnitReportReporter -->
<testsuite hostname="LAPTOP-Q2QMO8L8" failures="0" tests="1" name="com.crm.gleantapauto.Campaigns.EmailCampaignsAsapTest" time="94.210" errors="0" timestamp="2025-02-07T12:48:32 IST" skipped="0">
  <testcase classname="com.crm.gleantapauto.Campaigns.EmailCampaignsAsapTest" name="CreateAndSendAsapCampaign" time="94.210"/>
  <system-out/>
</testsuite> <!-- com.crm.gleantapauto.Campaigns.EmailCampaignsAsapTest -->
