<?xml version="1.0" encoding="UTF-8"?>
<!-- Generated by org.testng.reporters.JUnitReportReporter -->
<testsuite hostname="LAPTOP-Q2QMO8L8" failures="0" tests="1" name="com.crm.gleantapauto.Flows.CreateFlowTest" time="24.243" errors="0" timestamp="2025-01-31T20:00:14 IST" skipped="0">
  <testcase classname="com.crm.gleantapauto.Flows.CreateFlowTest" name="AddFlow" time="24.243"/>
  <system-out/>
</testsuite> <!-- com.crm.gleantapauto.Flows.CreateFlowTest -->
