<?xml version="1.0" encoding="UTF-8"?>
<!-- Generated by org.testng.reporters.JUnitReportReporter -->
<testsuite hostname="LAPTOP-Q2QMO8L8" failures="0" tests="1" name="com.crm.gleantapauto.Campaigns.TemplateAddTitleTest" time="37.292" errors="0" timestamp="2025-01-08T15:10:11 IST" skipped="0">
  <testcase classname="com.crm.gleantapauto.Campaigns.TemplateAddTitleTest" name="addTemplate" time="37.292"/>
  <system-out/>
</testsuite> <!-- com.crm.gleantapauto.Campaigns.TemplateAddTitleTest -->
