<?xml version="1.0" encoding="UTF-8"?>
<!-- Generated by org.testng.reporters.JUnitReportReporter -->
<testsuite hostname="LAPTOP-Q2QMO8L8" failures="0" tests="1" name="com.crm.gleantapauto.Campaigns.EmailCampaignsSendLaterTest" time="104.228" errors="0" timestamp="2025-02-04T12:25:40 IST" skipped="0">
  <testcase classname="com.crm.gleantapauto.Campaigns.EmailCampaignsSendLaterTest" name="CreateAndSendLaterCampaign" time="104.228"/>
  <system-out/>
</testsuite> <!-- com.crm.gleantapauto.Campaigns.EmailCampaignsSendLaterTest -->
