<?xml version="1.0" encoding="UTF-8"?>
<!-- Generated by org.testng.reporters.JUnitReportReporter -->
<testsuite hostname="LAPTOP-Q2QMO8L8" failures="0" tests="1" name="com.crm.gleantapauto.tests.loginTest" time="20.953" errors="0" timestamp="2024-08-07T20:24:33 IST" skipped="0">
  <testcase classname="com.crm.gleantapauto.tests.loginTest" name="Verifylogin" time="20.953"/>
  <system-out/>
</testsuite> <!-- com.crm.gleantapauto.tests.loginTest -->
