<?xml version="1.0" encoding="UTF-8"?>
<!-- Generated by org.testng.reporters.JUnitReportReporter -->
<testsuite hostname="LAPTOP-Q2QMO8L8" failures="0" tests="1" name="com.crm.gleantapauto.tests.EmailCampaigns" time="76.758" errors="0" timestamp="2024-03-23T17:45:39 IST" skipped="0">
  <testcase classname="com.crm.gleantapauto.tests.EmailCampaigns" name="NavigateToEMailCampaigns" time="76.758"/>
  <system-out/>
</testsuite> <!-- com.crm.gleantapauto.tests.EmailCampaigns -->
