<?xml version="1.0" encoding="UTF-8"?>
<!-- Generated by org.testng.reporters.JUnitReportReporter -->
<testsuite hostname="LAPTOP-Q2QMO8L8" failures="0" tests="1" name="com.crm.gleantapauto.Campaigns.TemplateAddParagraphTest" time="40.780" errors="0" timestamp="2025-02-04T12:43:52 IST" skipped="0">
  <testcase classname="com.crm.gleantapauto.Campaigns.TemplateAddParagraphTest" name="addTemplate" time="40.780"/>
  <system-out/>
</testsuite> <!-- com.crm.gleantapauto.Campaigns.TemplateAddParagraphTest -->
