<?xml version="1.0" encoding="UTF-8"?>
<!-- Generated by org.testng.reporters.JUnitReportReporter -->
<testsuite hostname="LAPTOP-Q2QMO8L8" failures="0" tests="1" name="com.crm.gleantapauto.tests.Forms" time="32.564" errors="0" timestamp="2024-08-05T21:30:42 IST" skipped="0">
  <testcase classname="com.crm.gleantapauto.tests.Forms" name="leadCaptureForm" time="32.564"/>
  <system-out/>
</testsuite> <!-- com.crm.gleantapauto.tests.Forms -->
