<?xml version="1.0" encoding="UTF-8"?>
<!-- Generated by org.testng.reporters.JUnitReportReporter -->
<testsuite hostname="LAPTOP-Q2QMO8L8" failures="0" tests="1" name="com.crm.gleantapauto.Campaigns.EmailCampaignOngoing" time="82.226" errors="0" timestamp="2024-12-30T18:37:01 IST" skipped="0">
  <testcase classname="com.crm.gleantapauto.Campaigns.EmailCampaignOngoing" name="NavigateToEMailCampaigns" time="82.226"/>
  <system-out/>
</testsuite> <!-- com.crm.gleantapauto.Campaigns.EmailCampaignOngoing -->
